<?xml version="1.0" encoding="UTF-8"?>
<!-- Generated by org.testng.reporters.JUnitReportReporter -->
<testsuite hostname="DESKTOP-7RUH0IV" failures="0" tests="4" name="homepage.myTestCases" time="0.183" errors="0" timestamp="2024-09-04T11:37:21 PDT" skipped="0">
  <testcase classname="homepage.myTestCases" name="CheckTheDefultLanguageIsEnglish" time="0.045"/>
  <system-out/>
  <testcase classname="homepage.myTestCases" name="CheckdefultCurrency" time="0.049"/>
  <system-out/>
  <testcase classname="homepage.myTestCases" name="checkContantNumber" time="0.026"/>
  <system-out/>
  <testcase classname="homepage.myTestCases" name="CheckQitafLogo" time="0.063"/>
  <system-out/>
</testsuite> <!-- homepage.myTestCases -->
