<?xml version="1.0" encoding="UTF-8"?>
<!-- Generated by org.testng.reporters.JUnitReportReporter -->
<testsuite hostname="DESKTOP-7RUH0IV" failures="0" tests="11" name="homepage.myTestCases" time="35.414" errors="0" timestamp="2024-09-07T13:38:00 PDT" skipped="0">
  <testcase classname="homepage.myTestCases" name="CheckTheDefultLanguageIsEnglish" time="0.070"/>
  <system-out/>
  <testcase classname="homepage.myTestCases" name="CheckdefultCurrency" time="0.077"/>
  <system-out/>
  <testcase classname="homepage.myTestCases" name="checkContantNumber" time="0.045"/>
  <system-out/>
  <testcase classname="homepage.myTestCases" name="CheckQitafLogo" time="0.263"/>
  <system-out/>
  <testcase classname="homepage.myTestCases" name="TestHotelTabIsNotSelected" time="0.055"/>
  <system-out/>
  <testcase classname="homepage.myTestCases" name="CheckDepatureDate" time="1.712"/>
  <system-out/>
  <testcase classname="homepage.myTestCases" name="RandomlyChangeTheLanguage" time="2.488"/>
  <system-out/>
  <testcase classname="homepage.myTestCases" name="FillHotelTab" time="2.396"/>
  <system-out/>
  <testcase classname="homepage.myTestCases" name="RandomlySelectTheNumberOfVisitors" time="5.805"/>
  <system-out/>
  <testcase classname="homepage.myTestCases" name="checkThePageFullyLoaded" time="21.213"/>
  <system-out/>
  <testcase classname="homepage.myTestCases" name="SortItemsLowestToHighestPrice" time="1.290"/>
  <system-out/>
</testsuite> <!-- homepage.myTestCases -->
